<?xml version="1.0" encoding="UTF-8"?>
<testng-results skipped="0" failed="1" ignored="0" total="8" passed="7">
  <reporter-output>
  </reporter-output>
  <suite name="Parallel test runs" duration-ms="551150" started-at="2018-06-24T17:34:32Z" finished-at="2018-06-24T17:43:43Z">
    <groups>
    </groups>
    <test name="IE Test" duration-ms="75611" started-at="2018-06-24T17:34:32Z" finished-at="2018-06-24T17:35:48Z">
      <class name="meliahotels.meliahotels.TestLogin">
        <test-method status="PASS" signature="setup(java.lang.String)[pri:0, instance:meliahotels.meliahotels.TestLogin@6f1fba17]" name="setup" is-config="true" duration-ms="37086" started-at="2018-06-24T19:34:32Z" finished-at="2018-06-24T19:35:09Z">
          <params>
            <param index="0">
              <value>
                <![CDATA[IE]]>
              </value>
            </param>
          </params>
          <reporter-output>
          </reporter-output>
        </test-method> <!-- setup -->
        <test-method status="PASS" signature="test_Login(java.lang.String, java.lang.String, java.lang.String)[pri:0, instance:meliahotels.meliahotels.TestLogin@6f1fba17]" name="test_Login" duration-ms="37819" started-at="2018-06-24T19:35:09Z" finished-at="2018-06-24T19:35:47Z">
          <params>
            <param index="0">
              <value>
                <![CDATA[deepaltran@yopmail.com]]>
              </value>
            </param>
            <param index="1">
              <value>
                <![CDATA[altran123]]>
              </value>
            </param>
            <param index="2">
              <value>
                <![CDATA[IE]]>
              </value>
            </param>
          </params>
          <reporter-output>
          </reporter-output>
        </test-method> <!-- test_Login -->
        <test-method status="PASS" signature="cerrar()[pri:0, instance:meliahotels.meliahotels.TestLogin@6f1fba17]" name="cerrar" is-config="true" duration-ms="651" started-at="2018-06-24T19:35:47Z" finished-at="2018-06-24T19:35:48Z">
          <reporter-output>
          </reporter-output>
        </test-method> <!-- cerrar -->
      </class> <!-- meliahotels.meliahotels.TestLogin -->
    </test> <!-- IE Test -->
    <test name="Firefox Test" duration-ms="59721" started-at="2018-06-24T17:35:48Z" finished-at="2018-06-24T17:36:48Z">
      <class name="meliahotels.meliahotels.TestLogin">
        <test-method status="PASS" signature="setup(java.lang.String)[pri:0, instance:meliahotels.meliahotels.TestLogin@5ae63ade]" name="setup" is-config="true" duration-ms="17753" started-at="2018-06-24T19:35:48Z" finished-at="2018-06-24T19:36:06Z">
          <params>
            <param index="0">
              <value>
                <![CDATA[firefox]]>
              </value>
            </param>
          </params>
          <reporter-output>
          </reporter-output>
        </test-method> <!-- setup -->
        <test-method status="PASS" signature="test_Login(java.lang.String, java.lang.String, java.lang.String)[pri:0, instance:meliahotels.meliahotels.TestLogin@5ae63ade]" name="test_Login" duration-ms="37348" started-at="2018-06-24T19:36:06Z" finished-at="2018-06-24T19:36:43Z">
          <params>
            <param index="0">
              <value>
                <![CDATA[deepaltran@yopmail.com]]>
              </value>
            </param>
            <param index="1">
              <value>
                <![CDATA[altran123]]>
              </value>
            </param>
            <param index="2">
              <value>
                <![CDATA[firefox]]>
              </value>
            </param>
          </params>
          <reporter-output>
          </reporter-output>
        </test-method> <!-- test_Login -->
        <test-method status="PASS" signature="cerrar()[pri:0, instance:meliahotels.meliahotels.TestLogin@5ae63ade]" name="cerrar" is-config="true" duration-ms="4613" started-at="2018-06-24T19:36:43Z" finished-at="2018-06-24T19:36:48Z">
          <reporter-output>
          </reporter-output>
        </test-method> <!-- cerrar -->
      </class> <!-- meliahotels.meliahotels.TestLogin -->
    </test> <!-- Firefox Test -->
    <test name="Chrome Test" duration-ms="61643" started-at="2018-06-24T17:36:48Z" finished-at="2018-06-24T17:37:50Z">
      <class name="meliahotels.meliahotels.TestLogin">
        <test-method status="PASS" signature="setup(java.lang.String)[pri:0, instance:meliahotels.meliahotels.TestLogin@2758fe70]" name="setup" is-config="true" duration-ms="31020" started-at="2018-06-24T19:36:48Z" finished-at="2018-06-24T19:37:19Z">
          <params>
            <param index="0">
              <value>
                <![CDATA[chrome]]>
              </value>
            </param>
          </params>
          <reporter-output>
          </reporter-output>
        </test-method> <!-- setup -->
        <test-method status="PASS" signature="test_Login(java.lang.String, java.lang.String, java.lang.String)[pri:0, instance:meliahotels.meliahotels.TestLogin@2758fe70]" name="test_Login" duration-ms="29581" started-at="2018-06-24T19:37:19Z" finished-at="2018-06-24T19:37:49Z">
          <params>
            <param index="0">
              <value>
                <![CDATA[deepaltran@yopmail.com]]>
              </value>
            </param>
            <param index="1">
              <value>
                <![CDATA[altran123]]>
              </value>
            </param>
            <param index="2">
              <value>
                <![CDATA[chrome]]>
              </value>
            </param>
          </params>
          <reporter-output>
          </reporter-output>
        </test-method> <!-- test_Login -->
        <test-method status="PASS" signature="cerrar()[pri:0, instance:meliahotels.meliahotels.TestLogin@2758fe70]" name="cerrar" is-config="true" duration-ms="1037" started-at="2018-06-24T19:37:49Z" finished-at="2018-06-24T19:37:50Z">
          <reporter-output>
          </reporter-output>
        </test-method> <!-- cerrar -->
      </class> <!-- meliahotels.meliahotels.TestLogin -->
    </test> <!-- Chrome Test -->
    <test name="Edge Test" duration-ms="39279" started-at="2018-06-24T17:37:50Z" finished-at="2018-06-24T17:38:29Z">
      <class name="meliahotels.meliahotels.TestLogin">
        <test-method status="PASS" signature="setup(java.lang.String)[pri:0, instance:meliahotels.meliahotels.TestLogin@6e6c3152]" name="setup" is-config="true" duration-ms="10031" started-at="2018-06-24T19:37:50Z" finished-at="2018-06-24T19:38:00Z">
          <params>
            <param index="0">
              <value>
                <![CDATA[edge]]>
              </value>
            </param>
          </params>
          <reporter-output>
          </reporter-output>
        </test-method> <!-- setup -->
        <test-method status="PASS" signature="test_Login(java.lang.String, java.lang.String, java.lang.String)[pri:0, instance:meliahotels.meliahotels.TestLogin@6e6c3152]" name="test_Login" duration-ms="27720" started-at="2018-06-24T19:38:00Z" finished-at="2018-06-24T19:38:27Z">
          <params>
            <param index="0">
              <value>
                <![CDATA[deepaltran@yopmail.com]]>
              </value>
            </param>
            <param index="1">
              <value>
                <![CDATA[altran123]]>
              </value>
            </param>
            <param index="2">
              <value>
                <![CDATA[edge]]>
              </value>
            </param>
          </params>
          <reporter-output>
          </reporter-output>
        </test-method> <!-- test_Login -->
        <test-method status="PASS" signature="cerrar()[pri:0, instance:meliahotels.meliahotels.TestLogin@6e6c3152]" name="cerrar" is-config="true" duration-ms="1522" started-at="2018-06-24T19:38:27Z" finished-at="2018-06-24T19:38:29Z">
          <reporter-output>
          </reporter-output>
        </test-method> <!-- cerrar -->
      </class> <!-- meliahotels.meliahotels.TestLogin -->
    </test> <!-- Edge Test -->
    <test name="IE Test buscador" duration-ms="98097" started-at="2018-06-24T17:38:29Z" finished-at="2018-06-24T17:40:07Z">
      <class name="meliahotels.meliahotels.TestBuscador">
        <test-method status="PASS" signature="setup(java.lang.String)[pri:0, instance:meliahotels.meliahotels.TestBuscador@4973813a]" name="setup" is-config="true" duration-ms="18484" started-at="2018-06-24T19:38:29Z" finished-at="2018-06-24T19:38:47Z">
          <params>
            <param index="0">
              <value>
                <![CDATA[IE]]>
              </value>
            </param>
          </params>
          <reporter-output>
          </reporter-output>
        </test-method> <!-- setup -->
        <test-method status="PASS" signature="test_Buscador(java.lang.String)[pri:1, instance:meliahotels.meliahotels.TestBuscador@4973813a]" name="test_Buscador" duration-ms="78862" started-at="2018-06-24T19:38:47Z" finished-at="2018-06-24T19:40:06Z">
          <params>
            <param index="0">
              <value>
                <![CDATA[IE]]>
              </value>
            </param>
          </params>
          <reporter-output>
          </reporter-output>
        </test-method> <!-- test_Buscador -->
        <test-method status="PASS" signature="cerrar()[pri:0, instance:meliahotels.meliahotels.TestBuscador@4973813a]" name="cerrar" is-config="true" duration-ms="738" started-at="2018-06-24T19:40:06Z" finished-at="2018-06-24T19:40:07Z">
          <reporter-output>
          </reporter-output>
        </test-method> <!-- cerrar -->
      </class> <!-- meliahotels.meliahotels.TestBuscador -->
    </test> <!-- IE Test buscador -->
    <test name="Chrome Test buscador" duration-ms="96559" started-at="2018-06-24T17:40:07Z" finished-at="2018-06-24T17:41:44Z">
      <class name="meliahotels.meliahotels.TestBuscador">
        <test-method status="PASS" signature="setup(java.lang.String)[pri:0, instance:meliahotels.meliahotels.TestBuscador@63e2203c]" name="setup" is-config="true" duration-ms="19409" started-at="2018-06-24T19:40:07Z" finished-at="2018-06-24T19:40:27Z">
          <params>
            <param index="0">
              <value>
                <![CDATA[chrome]]>
              </value>
            </param>
          </params>
          <reporter-output>
          </reporter-output>
        </test-method> <!-- setup -->
        <test-method status="PASS" signature="test_Buscador(java.lang.String)[pri:1, instance:meliahotels.meliahotels.TestBuscador@63e2203c]" name="test_Buscador" duration-ms="75836" started-at="2018-06-24T19:40:27Z" finished-at="2018-06-24T19:41:42Z">
          <params>
            <param index="0">
              <value>
                <![CDATA[chrome]]>
              </value>
            </param>
          </params>
          <reporter-output>
          </reporter-output>
        </test-method> <!-- test_Buscador -->
        <test-method status="PASS" signature="cerrar()[pri:0, instance:meliahotels.meliahotels.TestBuscador@63e2203c]" name="cerrar" is-config="true" duration-ms="1293" started-at="2018-06-24T19:41:42Z" finished-at="2018-06-24T19:41:44Z">
          <reporter-output>
          </reporter-output>
        </test-method> <!-- cerrar -->
      </class> <!-- meliahotels.meliahotels.TestBuscador -->
    </test> <!-- Chrome Test buscador -->
    <test name="Firefox Test buscador" duration-ms="55023" started-at="2018-06-24T17:41:44Z" finished-at="2018-06-24T17:42:39Z">
      <class name="meliahotels.meliahotels.TestBuscador">
        <test-method status="PASS" signature="setup(java.lang.String)[pri:0, instance:meliahotels.meliahotels.TestBuscador@7494e528]" name="setup" is-config="true" duration-ms="20580" started-at="2018-06-24T19:41:44Z" finished-at="2018-06-24T19:42:04Z">
          <params>
            <param index="0">
              <value>
                <![CDATA[firefox]]>
              </value>
            </param>
          </params>
          <reporter-output>
          </reporter-output>
        </test-method> <!-- setup -->
        <test-method status="FAIL" signature="test_Buscador(java.lang.String)[pri:1, instance:meliahotels.meliahotels.TestBuscador@7494e528]" name="test_Buscador" duration-ms="29374" started-at="2018-06-24T19:42:04Z" finished-at="2018-06-24T19:42:34Z">
          <params>
            <param index="0">
              <value>
                <![CDATA[firefox]]>
              </value>
            </param>
          </params>
          <exception class="org.openqa.selenium.NoSuchElementException">
            <message>
              <![CDATA[Unable to locate element: li[class="day d2018-5-11 available"]
For documentation on this error, please visit: http://seleniumhq.org/exceptions/no_such_element.html
Build info: version: '3.11.0', revision: 'e59cfb3', time: '2018-03-11T20:26:55.152Z'
System info: host: 'LAPTOP-7426K34G', ip: '192.168.1.134', os.name: 'Windows 10', os.arch: 'amd64', os.version: '10.0', java.version: '1.8.0_151'
Driver info: org.openqa.selenium.firefox.FirefoxDriver
Capabilities {acceptInsecureCerts: true, browserName: firefox, browserVersion: 60.0.2, javascriptEnabled: true, moz:accessibilityChecks: false, moz:headless: false, moz:processID: 9568, moz:profile: C:\Users\lidiameatsix\AppDa..., moz:useNonSpecCompliantPointerOrigin: false, moz:webdriverClick: true, pageLoadStrategy: normal, platform: XP, platformName: XP, platformVersion: 10.0, rotatable: false, timeouts: {implicit: 0, pageLoad: 300000, script: 30000}}
Session ID: 7d4bceb8-4d77-487e-8d0a-46c433818321
*** Element info: {Using=css selector, value=li[class="day d2018-5-11 available"]}]]>
            </message>
            <full-stacktrace>
              <![CDATA[org.openqa.selenium.NoSuchElementException: Unable to locate element: li[class="day d2018-5-11 available"]
For documentation on this error, please visit: http://seleniumhq.org/exceptions/no_such_element.html
Build info: version: '3.11.0', revision: 'e59cfb3', time: '2018-03-11T20:26:55.152Z'
System info: host: 'LAPTOP-7426K34G', ip: '192.168.1.134', os.name: 'Windows 10', os.arch: 'amd64', os.version: '10.0', java.version: '1.8.0_151'
Driver info: org.openqa.selenium.firefox.FirefoxDriver
Capabilities {acceptInsecureCerts: true, browserName: firefox, browserVersion: 60.0.2, javascriptEnabled: true, moz:accessibilityChecks: false, moz:headless: false, moz:processID: 9568, moz:profile: C:\Users\lidiameatsix\AppDa..., moz:useNonSpecCompliantPointerOrigin: false, moz:webdriverClick: true, pageLoadStrategy: normal, platform: XP, platformName: XP, platformVersion: 10.0, rotatable: false, timeouts: {implicit: 0, pageLoad: 300000, script: 30000}}
Session ID: 7d4bceb8-4d77-487e-8d0a-46c433818321
*** Element info: {Using=css selector, value=li[class="day d2018-5-11 available"]}
	at sun.reflect.NativeConstructorAccessorImpl.newInstance0(Native Method)
	at sun.reflect.NativeConstructorAccessorImpl.newInstance(Unknown Source)
	at sun.reflect.DelegatingConstructorAccessorImpl.newInstance(Unknown Source)
	at java.lang.reflect.Constructor.newInstance(Unknown Source)
	at org.openqa.selenium.remote.http.W3CHttpResponseCodec.createException(W3CHttpResponseCodec.java:187)
	at org.openqa.selenium.remote.http.W3CHttpResponseCodec.decode(W3CHttpResponseCodec.java:122)
	at org.openqa.selenium.remote.http.W3CHttpResponseCodec.decode(W3CHttpResponseCodec.java:49)
	at org.openqa.selenium.remote.HttpCommandExecutor.execute(HttpCommandExecutor.java:158)
	at org.openqa.selenium.remote.service.DriverCommandExecutor.execute(DriverCommandExecutor.java:83)
	at org.openqa.selenium.remote.RemoteWebDriver.execute(RemoteWebDriver.java:545)
	at org.openqa.selenium.remote.RemoteWebDriver.findElement(RemoteWebDriver.java:319)
	at org.openqa.selenium.remote.RemoteWebDriver.findElementByCssSelector(RemoteWebDriver.java:413)
	at org.openqa.selenium.By$ByCssSelector.findElement(By.java:430)
	at org.openqa.selenium.remote.RemoteWebDriver.findElement(RemoteWebDriver.java:311)
	at meliahotels.meliahotels.Buscador.fechaIN(Buscador.java:196)
	at meliahotels.meliahotels.Buscador.buscar(Buscador.java:246)
	at meliahotels.meliahotels.TestBuscador.test_Buscador(TestBuscador.java:29)
	at sun.reflect.NativeMethodAccessorImpl.invoke0(Native Method)
	at sun.reflect.NativeMethodAccessorImpl.invoke(Unknown Source)
	at sun.reflect.DelegatingMethodAccessorImpl.invoke(Unknown Source)
	at java.lang.reflect.Method.invoke(Unknown Source)
	at org.testng.internal.MethodInvocationHelper.invokeMethod(MethodInvocationHelper.java:108)
	at org.testng.internal.Invoker.invokeMethod(Invoker.java:661)
	at org.testng.internal.Invoker.invokeTestMethod(Invoker.java:869)
	at org.testng.internal.Invoker.invokeTestMethods(Invoker.java:1193)
	at org.testng.internal.TestMethodWorker.invokeTestMethods(TestMethodWorker.java:126)
	at org.testng.internal.TestMethodWorker.run(TestMethodWorker.java:109)
	at org.testng.TestRunner.privateRun(TestRunner.java:744)
	at org.testng.TestRunner.run(TestRunner.java:602)
	at org.testng.SuiteRunner.runTest(SuiteRunner.java:380)
	at org.testng.SuiteRunner.access$000(SuiteRunner.java:39)
	at org.testng.SuiteRunner$SuiteWorker.run(SuiteRunner.java:414)
	at org.testng.internal.thread.ThreadUtil$1.call(ThreadUtil.java:52)
	at java.util.concurrent.FutureTask.run(Unknown Source)
	at java.util.concurrent.ThreadPoolExecutor.runWorker(Unknown Source)
	at java.util.concurrent.ThreadPoolExecutor$Worker.run(Unknown Source)
	at java.lang.Thread.run(Unknown Source)
]]>
            </full-stacktrace>
          </exception> <!-- org.openqa.selenium.NoSuchElementException -->
          <reporter-output>
          </reporter-output>
        </test-method> <!-- test_Buscador -->
        <test-method status="PASS" signature="cerrar()[pri:0, instance:meliahotels.meliahotels.TestBuscador@7494e528]" name="cerrar" is-config="true" duration-ms="4973" started-at="2018-06-24T19:42:34Z" finished-at="2018-06-24T19:42:39Z">
          <reporter-output>
          </reporter-output>
        </test-method> <!-- cerrar -->
      </class> <!-- meliahotels.meliahotels.TestBuscador -->
    </test> <!-- Firefox Test buscador -->
    <test name="Edge Test buscador" duration-ms="64460" started-at="2018-06-24T17:42:39Z" finished-at="2018-06-24T17:43:43Z">
      <class name="meliahotels.meliahotels.TestBuscador">
        <test-method status="PASS" signature="setup(java.lang.String)[pri:0, instance:meliahotels.meliahotels.TestBuscador@67205a84]" name="setup" is-config="true" duration-ms="11942" started-at="2018-06-24T19:42:39Z" finished-at="2018-06-24T19:42:51Z">
          <params>
            <param index="0">
              <value>
                <![CDATA[edge]]>
              </value>
            </param>
          </params>
          <reporter-output>
          </reporter-output>
        </test-method> <!-- setup -->
        <test-method status="PASS" signature="test_Buscador(java.lang.String)[pri:1, instance:meliahotels.meliahotels.TestBuscador@67205a84]" name="test_Buscador" duration-ms="51060" started-at="2018-06-24T19:42:51Z" finished-at="2018-06-24T19:43:42Z">
          <params>
            <param index="0">
              <value>
                <![CDATA[edge]]>
              </value>
            </param>
          </params>
          <reporter-output>
          </reporter-output>
        </test-method> <!-- test_Buscador -->
        <test-method status="PASS" signature="cerrar()[pri:0, instance:meliahotels.meliahotels.TestBuscador@67205a84]" name="cerrar" is-config="true" duration-ms="1453" started-at="2018-06-24T19:43:42Z" finished-at="2018-06-24T19:43:43Z">
          <reporter-output>
          </reporter-output>
        </test-method> <!-- cerrar -->
      </class> <!-- meliahotels.meliahotels.TestBuscador -->
    </test> <!-- Edge Test buscador -->
  </suite> <!-- Parallel test runs -->
</testng-results>
